ctp_amon "No Title"
ctp_crypt "No Title"
ctp_frozen "No Title"
ctp_lastn "No Title"
ctp_osiris "No Title"
sg_chateau "No Title"
sg_conquest "No Title"
sg_crypt "No Title"
sg_escape "No Title"
sg_hina "sg_hina"
sg_land3 "No Title"
sg_loop "No Title"
sg_naquada "No Title"
sg_newstrike "No Title"
sg_nox "No Title"
sg_prison "sg_prison"
sg_pyramide "sg_pyramide"
sg_quantum "No Title"
sg_quietvillage "No Title"
sg_scorpus "Scorpus"
sg_shunky "No Title"
sg_stargate "No Title"
sg_strike3 "No Title"
sg_target2a "No Title"
sg_tekluhanak "No Title"
sg_temple "No Title"
sg_thor "No Title"
sg_tokra "No Title"
sg_tokra2 "No Title"
