0	"<UNKNOWN KEYNUM>" "<UNKNOWN KEYNUM>" COLOR 63 122 240
1	"<UNKNOWN KEYNUM>" "<UNKNOWN KEYNUM>" COLOR 63 122 240
2	"<UNKNOWN KEYNUM>" "<UNKNOWN KEYNUM>" COLOR 63 122 240
3	"<UNKNOWN KEYNUM>" "<UNKNOWN KEYNUM>" COLOR 63 122 240
4	"<UNKNOWN KEYNUM>" "<UNKNOWN KEYNUM>" COLOR 63 122 240
5	"<UNKNOWN KEYNUM>" "<UNKNOWN KEYNUM>" COLOR 63 122 240
6	"<UNKNOWN KEYNUM>" "<UNKNOWN KEYNUM>" COLOR 63 122 240
7	"<UNKNOWN KEYNUM>" "<UNKNOWN KEYNUM>" COLOR 63 122 240
8	"<UNKNOWN KEYNUM>" "<UNKNOWN KEYNUM>" COLOR 63 122 240
9	"TAB" "TAB" COLOR 63 122 240
10	"<UNKNOWN KEYNUM>" "<UNKNOWN KEYNUM>" COLOR 63 122 240
11	"<UNKNOWN KEYNUM>" "<UNKNOWN KEYNUM>" COLOR 63 122 240
12	"<UNKNOWN KEYNUM>" "<UNKNOWN KEYNUM>" COLOR 63 122 240
13	"ENTER" "ENTER" COLOR 63 122 240
14	"<UNKNOWN KEYNUM>" "<UNKNOWN KEYNUM>" COLOR 63 122 240
15	"<UNKNOWN KEYNUM>" "<UNKNOWN KEYNUM>" COLOR 63 122 240
16	"<UNKNOWN KEYNUM>" "<UNKNOWN KEYNUM>" COLOR 63 122 240
17	"<UNKNOWN KEYNUM>" "<UNKNOWN KEYNUM>" COLOR 63 122 240
18	"<UNKNOWN KEYNUM>" "<UNKNOWN KEYNUM>" COLOR 63 122 240
19	"<UNKNOWN KEYNUM>" "<UNKNOWN KEYNUM>" COLOR 63 122 240
20	"<UNKNOWN KEYNUM>" "<UNKNOWN KEYNUM>" COLOR 63 122 240
21	"<UNKNOWN KEYNUM>" "<UNKNOWN KEYNUM>" COLOR 63 122 240
22	"<UNKNOWN KEYNUM>" "<UNKNOWN KEYNUM>" COLOR 63 122 240
23	"<UNKNOWN KEYNUM>" "<UNKNOWN KEYNUM>" COLOR 63 122 240
24	"<UNKNOWN KEYNUM>" "<UNKNOWN KEYNUM>" COLOR 63 122 240
25	"<UNKNOWN KEYNUM>" "<UNKNOWN KEYNUM>" COLOR 63 122 240
26	"<UNKNOWN KEYNUM>" "<UNKNOWN KEYNUM>" COLOR 63 122 240
27	"ESCAPE" "ESCAPE" COLOR 63 122 240
28	"<UNKNOWN KEYNUM>" "<UNKNOWN KEYNUM>" COLOR 63 122 240
29	"<UNKNOWN KEYNUM>" "<UNKNOWN KEYNUM>" COLOR 63 122 240
30	"<UNKNOWN KEYNUM>" "<UNKNOWN KEYNUM>" COLOR 63 122 240
31	"<UNKNOWN KEYNUM>" "<UNKNOWN KEYNUM>" COLOR 63 122 240
32	"SPACE" "SPACE" COLOR 63 122 240
33	"!" "!" COLOR 63 122 240
34	""" """ COLOR 63 122 240
35	"#" "#" COLOR 63 122 240
36	"$" "$" COLOR 63 122 240
37	"BACKSPACE" "BACKSPACE" COLOR 63 122 240
38	"&" "&" COLOR 63 122 240
39	"'" "'" COLOR 63 122 240
40	"(" "(" COLOR 63 122 240
41	")" ")" COLOR 63 122 240
42	"*" "*" COLOR 63 122 240
43	"+" "+" COLOR 63 122 240
44	"," "," COLOR 63 122 240
45	"-" "-" COLOR 63 122 240
46	"." "." COLOR 63 122 240
47	"/" "/" COLOR 63 122 240
48	"0" "0" COLOR 63 122 240
49	"1" "1" COLOR 63 122 240
50	"2" "2" COLOR 63 122 240
51	"3" "3" COLOR 63 122 240
52	"4" "4" COLOR 63 122 240
53	"5" "5" COLOR 63 122 240
54	"6" "6" COLOR 63 122 240
55	"7" "7" COLOR 63 122 240
56	"8" "8" COLOR 63 122 240
57	"9" "9" COLOR 63 122 240
58	":" ":" COLOR 63 122 240
59	";" ";" COLOR 63 122 240
60	"<" "<" COLOR 63 122 240
61	"=" "=" COLOR 63 122 240
62	">" ">" COLOR 63 122 240
63	"?" "?" COLOR 63 122 240
64	"@" "@" COLOR 63 122 240
65	"A" "A" COLOR 63 122 240
66	"B" "B" COLOR 63 122 240
67	"C" "C" COLOR 63 122 240
68	"D" "D" COLOR 63 122 240
69	"E" "E" COLOR 63 122 240
70	"F" "F" COLOR 63 122 240
71	"G" "G" COLOR 63 122 240
72	"H" "H" COLOR 63 122 240
73	"I" "I" COLOR 63 122 240
74	"J" "J" COLOR 63 122 240
75	"K" "K" COLOR 63 122 240
76	"L" "L" COLOR 63 122 240
77	"M" "M" COLOR 63 122 240
78	"N" "N" COLOR 63 122 240
79	"O" "O" COLOR 63 122 240
80	"P" "P" COLOR 63 122 240
81	"Q" "Q" COLOR 63 122 240
82	"R" "R" COLOR 63 122 240
83	"S" "S" COLOR 63 122 240
84	"T" "T" COLOR 63 122 240
85	"U" "U" COLOR 63 122 240
86	"V" "V" COLOR 63 122 240
87	"W" "W" COLOR 63 122 240
88	"X" "X" COLOR 63 122 240
89	"Y" "Y" COLOR 63 122 240
90	"Z" "Z" COLOR 63 122 240
91	"[" "[" COLOR 63 122 240
92	"\" "\" COLOR 63 122 240
93	"]" "]" COLOR 63 122 240
94	"^" "^" COLOR 63 122 240
95	"_" "_" COLOR 63 122 240
96	"`" "`" COLOR 63 122 240
97	"a" "a" COLOR 63 122 240
98	"b" "b" COLOR 63 122 240
99	"c" "c" COLOR 63 122 240
100	"d" "d" COLOR 63 122 240
101	"e" "e" COLOR 63 122 240
102	"f" "f" COLOR 63 122 240
103	"g" "g" COLOR 63 122 240
104	"h" "h" COLOR 63 122 240
105	"i" "i" COLOR 63 122 240
106	"j" "j" COLOR 63 122 240
107	"k" "k" COLOR 63 122 240
108	"l" "l" COLOR 63 122 240
109	"m" "m" COLOR 63 122 240
110	"n" "n" COLOR 63 122 240
111	"o" "o" COLOR 63 122 240
112	"p" "p" COLOR 63 122 240
113	"q" "q" COLOR 63 122 240
114	"r" "r" COLOR 63 122 240
115	"s" "s" COLOR 63 122 240
116	"t" "t" COLOR 63 122 240
117	"u" "u" COLOR 63 122 240
118	"v" "v" COLOR 63 122 240
119	"w" "w" COLOR 63 122 240
120	"x" "x" COLOR 63 122 240
121	"y" "y" COLOR 63 122 240
122	"z" "z" COLOR 63 122 240
123	"{" "{" COLOR 63 122 240
124	"|" "|" COLOR 63 122 240
125	"}" "}" COLOR 63 122 240
126	"~" "~" COLOR 63 122 240
127	"BACKSPACE" "BACKSPACE" COLOR 63 122 240
128	"UPARROW" "UPARROW" COLOR 63 122 240
129	"DOWNARROW" "DOWNARROW" COLOR 63 122 240
130	"LEFTARROW" "LEFTARROW" COLOR 63 122 240
131	"RIGHTARROW" "RIGHTARROW" COLOR 63 122 240
132	"ALT" "ALT" COLOR 63 122 240
133	"CTRL" "CTRL" COLOR 63 122 240
134	"SHIFT" "SHIFT" COLOR 63 122 240
135	"F1" "F1" COLOR 63 122 240
136	"F2" "F2" COLOR 63 122 240
137	"F3" "F3" COLOR 63 122 240
138	"F4" "F4" COLOR 63 122 240
139	"F5" "F5" COLOR 63 122 240
140	"F6" "F6" COLOR 63 122 240
141	"F7" "F7" COLOR 63 122 240
142	"F8" "F8" COLOR 63 122 240
143	"F9" "F9" COLOR 63 122 240
144	"F10" "F10" COLOR 63 122 240
145	"F11" "F11" COLOR 63 122 240
146	"F12" "F12" COLOR 63 122 240
147	"INS" "INS" COLOR 63 122 240
148	"DEL" "DEL" COLOR 63 122 240
149	"PGDN" "PGDN" COLOR 63 122 240
150	"PGUP" "PGUP" COLOR 63 122 240
151	"HOME" "HOME" COLOR 63 122 240
152	"END" "END" COLOR 63 122 240
153	"<UNKNOWN KEYNUM>" "<UNKNOWN KEYNUM>" COLOR 63 122 240
154	"<UNKNOWN KEYNUM>" "<UNKNOWN KEYNUM>" COLOR 63 122 240
155	"<UNKNOWN KEYNUM>" "<UNKNOWN KEYNUM>" COLOR 63 122 240
156	"<UNKNOWN KEYNUM>" "<UNKNOWN KEYNUM>" COLOR 63 122 240
157	"<UNKNOWN KEYNUM>" "<UNKNOWN KEYNUM>" COLOR 63 122 240
158	"<UNKNOWN KEYNUM>" "<UNKNOWN KEYNUM>" COLOR 63 122 240
159	"<UNKNOWN KEYNUM>" "<UNKNOWN KEYNUM>" COLOR 63 122 240
160	"KP_HOME" "KP_HOME" COLOR 63 122 240
161	"KP_UPARROW" "KP_UPARROW" COLOR 63 122 240
162	"KP_PGUP" "KP_PGUP" COLOR 63 122 240
163	"KP_LEFTARROW" "KP_LEFTARROW" COLOR 63 122 240
164	"KP_5" "KP_5" COLOR 63 122 240
165	"KP_RIGHTARROW" "KP_RIGHTARROW" COLOR 63 122 240
166	"KP_END" "KP_END" COLOR 63 122 240
167	"KP_DOWNARROW" "KP_DOWNARROW" COLOR 63 122 240
168	"KP_PGDN" "KP_PGDN" COLOR 63 122 240
169	"KP_ENTER" "KP_ENTER" COLOR 63 122 240
170	"KP_INS" "KP_INS" COLOR 63 122 240
171	"KP_DEL" "KP_DEL" COLOR 63 122 240
172	"KP_SLASH" "KP_SLASH" COLOR 63 122 240
173	"KP_MINUS" "KP_MINUS" COLOR 63 122 240
174	"KP_PLUS" "KP_PLUS" COLOR 63 122 240
175	"CAPSLOCK" "CAPSLOCK" COLOR 63 122 240
176	"<UNKNOWN KEYNUM>" "<UNKNOWN KEYNUM>" COLOR 63 122 240
177	"<UNKNOWN KEYNUM>" "<UNKNOWN KEYNUM>" COLOR 63 122 240
178	"<UNKNOWN KEYNUM>" "<UNKNOWN KEYNUM>" COLOR 63 122 240
179	"<UNKNOWN KEYNUM>" "<UNKNOWN KEYNUM>" COLOR 63 122 240
180	"<UNKNOWN KEYNUM>" "<UNKNOWN KEYNUM>" COLOR 63 122 240
181	"<UNKNOWN KEYNUM>" "<UNKNOWN KEYNUM>" COLOR 63 122 240
182	"<UNKNOWN KEYNUM>" "<UNKNOWN KEYNUM>" COLOR 63 122 240
183	"<UNKNOWN KEYNUM>" "<UNKNOWN KEYNUM>" COLOR 63 122 240
184	"<UNKNOWN KEYNUM>" "<UNKNOWN KEYNUM>" COLOR 63 122 240
185	"<UNKNOWN KEYNUM>" "<UNKNOWN KEYNUM>" COLOR 63 122 240
186	"<UNKNOWN KEYNUM>" "<UNKNOWN KEYNUM>" COLOR 63 122 240
187	"<UNKNOWN KEYNUM>" "<UNKNOWN KEYNUM>" COLOR 63 122 240
188	"<UNKNOWN KEYNUM>" "<UNKNOWN KEYNUM>" COLOR 63 122 240
189	"<UNKNOWN KEYNUM>" "<UNKNOWN KEYNUM>" COLOR 63 122 240
190	"<UNKNOWN KEYNUM>" "<UNKNOWN KEYNUM>" COLOR 63 122 240
191	"<UNKNOWN KEYNUM>" "<UNKNOWN KEYNUM>" COLOR 63 122 240
192	"<UNKNOWN KEYNUM>" "<UNKNOWN KEYNUM>" COLOR 63 122 240
193	"<UNKNOWN KEYNUM>" "<UNKNOWN KEYNUM>" COLOR 63 122 240
194	"<UNKNOWN KEYNUM>" "<UNKNOWN KEYNUM>" COLOR 63 122 240
195	"<UNKNOWN KEYNUM>" "<UNKNOWN KEYNUM>" COLOR 63 122 240
196	"<UNKNOWN KEYNUM>" "<UNKNOWN KEYNUM>" COLOR 63 122 240
197	"<UNKNOWN KEYNUM>" "<UNKNOWN KEYNUM>" COLOR 63 122 240
198	"<UNKNOWN KEYNUM>" "<UNKNOWN KEYNUM>" COLOR 63 122 240
199	"<UNKNOWN KEYNUM>" "<UNKNOWN KEYNUM>" COLOR 63 122 240
200	"<UNKNOWN KEYNUM>" "<UNKNOWN KEYNUM>" COLOR 63 122 240
201	"<UNKNOWN KEYNUM>" "<UNKNOWN KEYNUM>" COLOR 63 122 240
202	"<UNKNOWN KEYNUM>" "<UNKNOWN KEYNUM>" COLOR 63 122 240
203	"JOY1" "JOY1" COLOR 255 0 0
204	"JOY2" "JOY2" COLOR 255 0 0
205	"JOY3" "JOY3" COLOR 255 0 0 
206	"JOY4" "JOY4" COLOR 255 0 0
207	"AUX1" "AUX1" COLOR 63 122 240
208	"AUX2" "AUX2" COLOR 63 122 240
209	"AUX3" "AUX3" COLOR 63 122 240
210	"AUX4" "AUX4" COLOR 63 122 240
211	"AUX5" "AUX5" COLOR 63 122 240
212	"AUX6" "AUX6" COLOR 63 122 240
213	"AUX7" "AUX7" COLOR 63 122 240
214	"AUX8" "AUX8" COLOR 63 122 240
215	"AUX9" "AUX9" COLOR 63 122 240
216	"AUX10" "AUX10" COLOR 63 122 240
217	"AUX11" "AUX11" COLOR 63 122 240
218	"AUX12" "AUX12" COLOR 63 122 240
219	"AUX13" "AUX13" COLOR 63 122 240
220	"AUX14" "AUX14" COLOR 63 122 240
221	"AUX15" "AUX15" COLOR 63 122 240
222	"AUX16" "AUX16" COLOR 63 122 240
223	"AUX17" "AUX17" COLOR 63 122 240
224	"AUX18" "AUX18" COLOR 63 122 240
225	"AUX19" "AUX19" COLOR 63 122 240
226	"AUX20" "AUX20" COLOR 63 122 240
227	"AUX21" "AUX21" COLOR 63 122 240
228	"AUX22" "AUX22" COLOR 63 122 240
229	"AUX23" "AUX23" COLOR 63 122 240
230	"AUX24" "AUX24" COLOR 63 122 240
231	"AUX25" "AUX25" COLOR 63 122 240
232	"AUX26" "AUX26" COLOR 63 122 240
233	"AUX27" "AUX27" COLOR 63 122 240
234	"AUX28" "AUX28" COLOR 63 122 240
235	"AUX29" "AUX29" COLOR 63 122 240
236	"AUX30" "AUX30" COLOR 63 122 240
237	"AUX31" "AUX31" COLOR 63 122 240
238	"AUX32" "AUX32" COLOR 63 122 240
239	"MWHEELDOWN" "MWHEELDOWN" COLOR 63 122 240
240	"MWHEELUP" "MWHEELUP" COLOR 63 122 240
241	"MOUSE1" "MOUSE1" COLOR 0 255 255
242	"MOUSE2" "MOUSE2" COLOR 0 255 255
243	"MOUSE3" "MOUSE3" COLOR 0 255 255
244	"MOUSE4" "MOUSE4" COLOR 0 255 255
245	"MOUSE5" "MOUSE5" COLOR 0 255 255
246	"<UNKNOWN KEYNUM>" "<UNKNOWN KEYNUM>" COLOR 63 122 240
247	"<UNKNOWN KEYNUM>" "<UNKNOWN KEYNUM>" COLOR 63 122 240
248	"<UNKNOWN KEYNUM>" "<UNKNOWN KEYNUM>" COLOR 63 122 240
249	"<UNKNOWN KEYNUM>" "<UNKNOWN KEYNUM>" COLOR 63 122 240
250	"<UNKNOWN KEYNUM>" "<UNKNOWN KEYNUM>" COLOR 63 122 240
251	"<UNKNOWN KEYNUM>" "<UNKNOWN KEYNUM>" COLOR 63 122 240
252	"<UNKNOWN KEYNUM>" "<UNKNOWN KEYNUM>" COLOR 63 122 240
253	"<UNKNOWN KEYNUM>" "<UNKNOWN KEYNUM>" COLOR 63 122 240
254	"<UNKNOWN KEYNUM>" "<UNKNOWN KEYNUM>" COLOR 63 122 240
255	"PAUSE" "PAUSE" COLOR 63 122 240
